<?xml version="1.0" encoding="UTF-8"?>
<!-- Generated by org.testng.reporters.JUnitXMLReporter -->
<testsuite ignored="0" hostname="TEPL-THN-WS649" failures="0" tests="17" name="Test" time="4.481" errors="0" timestamp="2024-06-06T10:50:24 IST">
  <testcase classname="APITesting.ScheblerAPI.UserOperations" name="userLogin" time="1.24"/>
  <testcase classname="APITesting.ScheblerAPI.UserOperations" name="addUser" time="0.06"/>
  <testcase classname="APITesting.ScheblerAPI.UserOperations" name="editUser" time="0.069"/>
  <testcase classname="APITesting.ScheblerAPI.UserOperations" name="toatlUserCount" time="0.05"/>
  <testcase classname="APITesting.ScheblerAPI.UserOperations" name="userStatus" time="0.049"/>
  <testcase classname="APITesting.ScheblerAPI.UserOperations" name="changePassword" time="0.052"/>
  <testcase classname="APITesting.ScheblerAPI.UserOperations" name="availableUsersList" time="0.101"/>
  <testcase classname="APITesting.ScheblerAPI.UserOperations" name="deleteUser" time="0.055"/>
  <testcase classname="APITesting.ScheblerAPI.ProjectOperations" name="userLogin" time="0.065"/>
  <testcase classname="APITesting.ScheblerAPI.ProjectOperations" name="addProject" time="0.064"/>
  <testcase classname="APITesting.ScheblerAPI.ProjectOperations" name="editProject" time="0.39"/>
  <testcase classname="APITesting.ScheblerAPI.ProjectOperations" name="projectList" time="1.013"/>
  <testcase classname="APITesting.ScheblerAPI.ProjectOperations" name="singleProjectDetails" time="0.06"/>
  <testcase classname="APITesting.ScheblerAPI.ProjectOperations" name="deleteProject" time="0.918"/>
  <testcase classname="APITesting.ScheblerAPI.ManufacturerandModels" name="userLogin" time="0.059"/>
  <testcase classname="APITesting.ScheblerAPI.ManufacturerandModels" name="manufaturerAndModelsList" time="0.099"/>
  <testcase classname="APITesting.ScheblerAPI.ManufacturerandModels" name="specificModelsList" time="0.046"/>
</testsuite> <!-- Test -->
