<?xml version="1.0" encoding="UTF-8"?>
<!-- Generated by org.testng.reporters.JUnitReportReporter -->
<testsuite hostname="TEPL-THN-WS649" failures="0" tests="6" name="APITesting.ScheblerAPI.ProjectOperations" time="2.510" errors="0" timestamp="2024-06-06T10:50:24 IST" skipped="0">
  <testcase classname="APITesting.ScheblerAPI.ProjectOperations" name="userLogin" time="0.065"/>
  <system-out/>
  <testcase classname="APITesting.ScheblerAPI.ProjectOperations" name="addProject" time="0.064"/>
  <system-out/>
  <testcase classname="APITesting.ScheblerAPI.ProjectOperations" name="editProject" time="0.390"/>
  <system-out/>
  <testcase classname="APITesting.ScheblerAPI.ProjectOperations" name="projectList" time="1.013"/>
  <system-out/>
  <testcase classname="APITesting.ScheblerAPI.ProjectOperations" name="singleProjectDetails" time="0.060"/>
  <system-out/>
  <testcase classname="APITesting.ScheblerAPI.ProjectOperations" name="deleteProject" time="0.918"/>
  <system-out/>
</testsuite> <!-- APITesting.ScheblerAPI.ProjectOperations -->
