<?xml version="1.0" encoding="UTF-8"?>
<!-- Generated by org.testng.reporters.JUnitReportReporter -->
<testsuite hostname="TEPL-THN-WS649" failures="0" tests="3" name="APITesting.ScheblerAPI.ManufacturerandModels" time="0.204" errors="0" timestamp="2024-06-06T10:50:24 IST" skipped="0">
  <testcase classname="APITesting.ScheblerAPI.ManufacturerandModels" name="userLogin" time="0.059"/>
  <system-out/>
  <testcase classname="APITesting.ScheblerAPI.ManufacturerandModels" name="manufaturerAndModelsList" time="0.099"/>
  <system-out/>
  <testcase classname="APITesting.ScheblerAPI.ManufacturerandModels" name="specificModelsList" time="0.046"/>
  <system-out/>
</testsuite> <!-- APITesting.ScheblerAPI.ManufacturerandModels -->
