<?xml version="1.0" encoding="UTF-8"?>
<!-- Generated by org.testng.reporters.JUnitReportReporter -->
<testsuite hostname="TEPL-THN-WS649" failures="0" tests="8" name="APITesting.ScheblerAPI.UserOperations" time="1.676" errors="0" timestamp="2024-06-06T10:50:24 IST" skipped="0">
  <testcase classname="APITesting.ScheblerAPI.UserOperations" name="userLogin" time="1.240"/>
  <system-out/>
  <testcase classname="APITesting.ScheblerAPI.UserOperations" name="addUser" time="0.060"/>
  <system-out/>
  <testcase classname="APITesting.ScheblerAPI.UserOperations" name="editUser" time="0.069"/>
  <system-out/>
  <testcase classname="APITesting.ScheblerAPI.UserOperations" name="toatlUserCount" time="0.050"/>
  <system-out/>
  <testcase classname="APITesting.ScheblerAPI.UserOperations" name="userStatus" time="0.049"/>
  <system-out/>
  <testcase classname="APITesting.ScheblerAPI.UserOperations" name="changePassword" time="0.052"/>
  <system-out/>
  <testcase classname="APITesting.ScheblerAPI.UserOperations" name="availableUsersList" time="0.101"/>
  <system-out/>
  <testcase classname="APITesting.ScheblerAPI.UserOperations" name="deleteUser" time="0.055"/>
  <system-out/>
</testsuite> <!-- APITesting.ScheblerAPI.UserOperations -->
