<?xml version="1.0" encoding="UTF-8"?>
<!-- Generated by org.testng.reporters.JUnitReportReporter -->
<testsuite hostname="TEPL-THN-WS649" failures="0" tests="7" name="APITesting.ScheblerAPI.UserLogin" time="1.354" errors="0" timestamp="2024-05-23T13:59:41 IST" skipped="0">
  <testcase classname="APITesting.ScheblerAPI.UserLogin" name="userLogin" time="1.136"/>
  <system-out/>
  <testcase classname="APITesting.ScheblerAPI.UserLogin" name="addUser" time="0.042"/>
  <system-out/>
  <testcase classname="APITesting.ScheblerAPI.UserLogin" name="editUser" time="0.038"/>
  <system-out/>
  <testcase classname="APITesting.ScheblerAPI.UserLogin" name="userStatus" time="0.033"/>
  <system-out/>
  <testcase classname="APITesting.ScheblerAPI.UserLogin" name="changePassword" time="0.033"/>
  <system-out/>
  <testcase classname="APITesting.ScheblerAPI.UserLogin" name="availableUsersList" time="0.040"/>
  <system-out/>
  <testcase classname="APITesting.ScheblerAPI.UserLogin" name="deleteUser" time="0.032"/>
  <system-out/>
</testsuite> <!-- APITesting.ScheblerAPI.UserLogin -->
